2026-03-11 11:27:21,478 | INFO | Run ID     : 20260311_112721
2026-03-11 11:27:21,478 | INFO | Output dir : outputs/run_20260311_112721
2026-03-11 11:27:21,478 | INFO | Device     : cuda:1
2026-03-11 11:27:21,912 | INFO | HTTP Request: GET https://huggingface.co/api/models/facebook/wav2vec2-base/tree/main/additional_chat_templates?recursive=false&expand=false "HTTP/1.1 404 Not Found"
2026-03-11 11:27:22,181 | INFO | HTTP Request: HEAD https://huggingface.co/facebook/wav2vec2-base/resolve/main/processor_config.json "HTTP/1.1 404 Not Found"
2026-03-11 11:27:22,448 | INFO | HTTP Request: HEAD https://huggingface.co/facebook/wav2vec2-base/resolve/main/chat_template.json "HTTP/1.1 404 Not Found"
2026-03-11 11:27:22,723 | INFO | HTTP Request: HEAD https://huggingface.co/facebook/wav2vec2-base/resolve/main/chat_template.jinja "HTTP/1.1 404 Not Found"
2026-03-11 11:27:22,997 | INFO | HTTP Request: HEAD https://huggingface.co/facebook/wav2vec2-base/resolve/main/audio_tokenizer_config.json "HTTP/1.1 404 Not Found"
2026-03-11 11:27:23,268 | INFO | HTTP Request: HEAD https://huggingface.co/facebook/wav2vec2-base/resolve/main/processor_config.json "HTTP/1.1 404 Not Found"
2026-03-11 11:27:23,535 | INFO | HTTP Request: HEAD https://huggingface.co/facebook/wav2vec2-base/resolve/main/preprocessor_config.json "HTTP/1.1 307 Temporary Redirect"
2026-03-11 11:27:23,596 | INFO | HTTP Request: HEAD https://huggingface.co/api/resolve-cache/models/facebook/wav2vec2-base/0b5b8e868dd84f03fd87d01f9c4ff0f080fecfe8/preprocessor_config.json "HTTP/1.1 200 OK"
2026-03-11 11:27:23,865 | INFO | HTTP Request: HEAD https://huggingface.co/facebook/wav2vec2-base/resolve/main/config.json "HTTP/1.1 307 Temporary Redirect"
2026-03-11 11:27:23,866 | WARNING | Warning: You are sending unauthenticated requests to the HF Hub. Please set a HF_TOKEN to enable higher rate limits and faster downloads.
2026-03-11 11:27:23,925 | INFO | HTTP Request: HEAD https://huggingface.co/api/resolve-cache/models/facebook/wav2vec2-base/0b5b8e868dd84f03fd87d01f9c4ff0f080fecfe8/config.json "HTTP/1.1 200 OK"
2026-03-11 11:27:24,198 | INFO | HTTP Request: HEAD https://huggingface.co/facebook/wav2vec2-base/resolve/main/processor_config.json "HTTP/1.1 404 Not Found"
2026-03-11 11:27:24,465 | INFO | HTTP Request: HEAD https://huggingface.co/facebook/wav2vec2-base/resolve/main/preprocessor_config.json "HTTP/1.1 307 Temporary Redirect"
2026-03-11 11:27:24,524 | INFO | HTTP Request: HEAD https://huggingface.co/api/resolve-cache/models/facebook/wav2vec2-base/0b5b8e868dd84f03fd87d01f9c4ff0f080fecfe8/preprocessor_config.json "HTTP/1.1 200 OK"
2026-03-11 11:27:24,796 | INFO | HTTP Request: HEAD https://huggingface.co/facebook/wav2vec2-base/resolve/main/config.json "HTTP/1.1 307 Temporary Redirect"
2026-03-11 11:27:24,856 | INFO | HTTP Request: HEAD https://huggingface.co/api/resolve-cache/models/facebook/wav2vec2-base/0b5b8e868dd84f03fd87d01f9c4ff0f080fecfe8/config.json "HTTP/1.1 200 OK"
2026-03-11 11:27:25,128 | INFO | HTTP Request: HEAD https://huggingface.co/facebook/wav2vec2-base/resolve/main/tokenizer_config.json "HTTP/1.1 307 Temporary Redirect"
2026-03-11 11:27:25,191 | INFO | HTTP Request: HEAD https://huggingface.co/api/resolve-cache/models/facebook/wav2vec2-base/0b5b8e868dd84f03fd87d01f9c4ff0f080fecfe8/tokenizer_config.json "HTTP/1.1 200 OK"
2026-03-11 11:27:25,460 | INFO | HTTP Request: GET https://huggingface.co/api/models/facebook/wav2vec2-base/tree/main/additional_chat_templates?recursive=false&expand=false "HTTP/1.1 404 Not Found"
2026-03-11 11:27:25,735 | INFO | HTTP Request: GET https://huggingface.co/api/models/facebook/wav2vec2-base/tree/main?recursive=true&expand=false "HTTP/1.1 200 OK"
2026-03-11 11:27:25,798 | INFO | Train: 25380 | Dev: 24844 | Eval: 71237
2026-03-11 11:27:26,067 | INFO | HTTP Request: HEAD https://huggingface.co/facebook/wav2vec2-base/resolve/main/config.json "HTTP/1.1 307 Temporary Redirect"
2026-03-11 11:27:26,130 | INFO | HTTP Request: HEAD https://huggingface.co/api/resolve-cache/models/facebook/wav2vec2-base/0b5b8e868dd84f03fd87d01f9c4ff0f080fecfe8/config.json "HTTP/1.1 200 OK"
2026-03-11 11:27:26,396 | INFO | HTTP Request: HEAD https://huggingface.co/facebook/wav2vec2-base/resolve/main/model.safetensors "HTTP/1.1 404 Not Found"
2026-03-11 11:27:26,665 | INFO | HTTP Request: HEAD https://huggingface.co/facebook/wav2vec2-base/resolve/main/model.safetensors.index.json "HTTP/1.1 404 Not Found"
2026-03-11 11:27:26,949 | INFO | HTTP Request: HEAD https://huggingface.co/facebook/wav2vec2-base/resolve/main/pytorch_model.bin "HTTP/1.1 302 Found"
2026-03-11 11:27:27,219 | INFO | HTTP Request: HEAD https://huggingface.co/facebook/wav2vec2-base/resolve/main/model.safetensors "HTTP/1.1 404 Not Found"
2026-03-11 11:27:27,493 | INFO | HTTP Request: GET https://huggingface.co/api/models/facebook/wav2vec2-base "HTTP/1.1 200 OK"
2026-03-11 11:27:27,774 | INFO | HTTP Request: GET https://huggingface.co/api/models/facebook/wav2vec2-base/commits/main "HTTP/1.1 200 OK"
2026-03-11 11:27:27,886 | INFO | Total params: 94,585,089 | Trainable: 30,794,241
2026-03-11 11:27:28,059 | INFO | HTTP Request: GET https://huggingface.co/api/models/facebook/wav2vec2-base/discussions?p=0 "HTTP/1.1 200 OK"
2026-03-11 11:27:28,340 | INFO | HTTP Request: GET https://huggingface.co/api/models/facebook/wav2vec2-base/commits/refs%2Fpr%2F11 "HTTP/1.1 200 OK"
2026-03-11 11:27:28,614 | INFO | HTTP Request: HEAD https://huggingface.co/facebook/wav2vec2-base/resolve/refs%2Fpr%2F11/model.safetensors.index.json "HTTP/1.1 404 Not Found"
2026-03-11 11:27:28,887 | INFO | HTTP Request: HEAD https://huggingface.co/facebook/wav2vec2-base/resolve/refs%2Fpr%2F11/model.safetensors "HTTP/1.1 302 Found"
2026-03-11 11:31:38,455 | INFO | Epoch 1/5 | Loss: 0.1354 | Acc: 0.9712 | Dev AUC: 0.9983 | Dev EER: 0.87% | Time: 250.6s
2026-03-11 11:31:39,454 | INFO |   ✅ New best model saved (EER=0.87%)
2026-03-11 11:35:42,532 | INFO | Epoch 2/5 | Loss: 0.0243 | Acc: 0.9961 | Dev AUC: 0.9984 | Dev EER: 1.52% | Time: 243.1s
2026-03-11 11:39:49,301 | INFO | Epoch 3/5 | Loss: 0.0112 | Acc: 0.9982 | Dev AUC: 0.9989 | Dev EER: 1.25% | Time: 246.2s
2026-03-11 11:45:32,733 | INFO | Epoch 4/5 | Loss: 0.0038 | Acc: 0.9996 | Dev AUC: 0.9998 | Dev EER: 0.43% | Time: 342.8s
2026-03-11 11:45:35,046 | INFO |   ✅ New best model saved (EER=0.43%)
2026-03-11 11:50:00,271 | INFO | Epoch 5/5 | Loss: 0.0018 | Acc: 0.9996 | Dev AUC: 0.9996 | Dev EER: 0.48% | Time: 265.2s
2026-03-11 11:50:00,875 | INFO | Loading best model for final evaluation...
2026-03-11 11:53:43,413 | INFO | 
              precision    recall  f1-score   support

       Spoof       1.00      0.90      0.95     63882
    Bonafide       0.53      1.00      0.69      7355

    accuracy                           0.91     71237
   macro avg       0.76      0.95      0.82     71237
weighted avg       0.95      0.91      0.92     71237

2026-03-11 11:53:43,549 | INFO | 
🏆 FINAL | AUC: 0.9836 | EER: 2.97%
2026-03-11 11:53:44,669 | INFO | Saved: training_curves.png
2026-03-11 11:53:44,819 | INFO | Saved: roc_curve.png
2026-03-11 11:53:45,275 | INFO | Saved: confusion_matrix.png
2026-03-11 11:53:45,492 | INFO | Saved: score_distribution.png
