2026-03-11 12:10:03,331 | INFO | Device: cuda | Run: 20260311_121003
2026-03-11 12:10:03,911 | INFO | HTTP Request: GET https://huggingface.co/api/models/facebook/wav2vec2-base/tree/main/additional_chat_templates?recursive=false&expand=false "HTTP/1.1 404 Not Found"
2026-03-11 12:10:04,182 | INFO | HTTP Request: HEAD https://huggingface.co/facebook/wav2vec2-base/resolve/main/processor_config.json "HTTP/1.1 404 Not Found"
2026-03-11 12:10:04,183 | WARNING | Warning: You are sending unauthenticated requests to the HF Hub. Please set a HF_TOKEN to enable higher rate limits and faster downloads.
2026-03-11 12:10:04,458 | INFO | HTTP Request: HEAD https://huggingface.co/facebook/wav2vec2-base/resolve/main/chat_template.json "HTTP/1.1 404 Not Found"
2026-03-11 12:10:04,736 | INFO | HTTP Request: HEAD https://huggingface.co/facebook/wav2vec2-base/resolve/main/chat_template.jinja "HTTP/1.1 404 Not Found"
2026-03-11 12:10:05,015 | INFO | HTTP Request: HEAD https://huggingface.co/facebook/wav2vec2-base/resolve/main/audio_tokenizer_config.json "HTTP/1.1 404 Not Found"
2026-03-11 12:10:05,291 | INFO | HTTP Request: HEAD https://huggingface.co/facebook/wav2vec2-base/resolve/main/processor_config.json "HTTP/1.1 404 Not Found"
2026-03-11 12:10:05,564 | INFO | HTTP Request: HEAD https://huggingface.co/facebook/wav2vec2-base/resolve/main/preprocessor_config.json "HTTP/1.1 307 Temporary Redirect"
2026-03-11 12:10:05,625 | INFO | HTTP Request: HEAD https://huggingface.co/api/resolve-cache/models/facebook/wav2vec2-base/0b5b8e868dd84f03fd87d01f9c4ff0f080fecfe8/preprocessor_config.json "HTTP/1.1 200 OK"
2026-03-11 12:10:05,892 | INFO | HTTP Request: HEAD https://huggingface.co/facebook/wav2vec2-base/resolve/main/config.json "HTTP/1.1 307 Temporary Redirect"
2026-03-11 12:10:05,952 | INFO | HTTP Request: HEAD https://huggingface.co/api/resolve-cache/models/facebook/wav2vec2-base/0b5b8e868dd84f03fd87d01f9c4ff0f080fecfe8/config.json "HTTP/1.1 200 OK"
2026-03-11 12:10:06,223 | INFO | HTTP Request: HEAD https://huggingface.co/facebook/wav2vec2-base/resolve/main/processor_config.json "HTTP/1.1 404 Not Found"
2026-03-11 12:10:06,496 | INFO | HTTP Request: HEAD https://huggingface.co/facebook/wav2vec2-base/resolve/main/preprocessor_config.json "HTTP/1.1 307 Temporary Redirect"
2026-03-11 12:10:06,555 | INFO | HTTP Request: HEAD https://huggingface.co/api/resolve-cache/models/facebook/wav2vec2-base/0b5b8e868dd84f03fd87d01f9c4ff0f080fecfe8/preprocessor_config.json "HTTP/1.1 200 OK"
2026-03-11 12:10:06,826 | INFO | HTTP Request: HEAD https://huggingface.co/facebook/wav2vec2-base/resolve/main/config.json "HTTP/1.1 307 Temporary Redirect"
2026-03-11 12:10:06,885 | INFO | HTTP Request: HEAD https://huggingface.co/api/resolve-cache/models/facebook/wav2vec2-base/0b5b8e868dd84f03fd87d01f9c4ff0f080fecfe8/config.json "HTTP/1.1 200 OK"
2026-03-11 12:10:07,162 | INFO | HTTP Request: HEAD https://huggingface.co/facebook/wav2vec2-base/resolve/main/tokenizer_config.json "HTTP/1.1 307 Temporary Redirect"
2026-03-11 12:10:07,234 | INFO | HTTP Request: HEAD https://huggingface.co/api/resolve-cache/models/facebook/wav2vec2-base/0b5b8e868dd84f03fd87d01f9c4ff0f080fecfe8/tokenizer_config.json "HTTP/1.1 200 OK"
2026-03-11 12:10:07,517 | INFO | HTTP Request: GET https://huggingface.co/api/models/facebook/wav2vec2-base/tree/main/additional_chat_templates?recursive=false&expand=false "HTTP/1.1 404 Not Found"
2026-03-11 12:10:07,793 | INFO | HTTP Request: GET https://huggingface.co/api/models/facebook/wav2vec2-base/tree/main?recursive=true&expand=false "HTTP/1.1 200 OK"
2026-03-11 12:10:07,989 | INFO | 
=======================================================
2026-03-11 12:10:07,991 | INFO | CONFIG: linear_probe | All 12 layers frozen
2026-03-11 12:10:07,995 | INFO | =======================================================
2026-03-11 12:10:08,272 | INFO | HTTP Request: HEAD https://huggingface.co/facebook/wav2vec2-base/resolve/main/config.json "HTTP/1.1 307 Temporary Redirect"
2026-03-11 12:10:08,332 | INFO | HTTP Request: HEAD https://huggingface.co/api/resolve-cache/models/facebook/wav2vec2-base/0b5b8e868dd84f03fd87d01f9c4ff0f080fecfe8/config.json "HTTP/1.1 200 OK"
2026-03-11 12:10:08,609 | INFO | HTTP Request: HEAD https://huggingface.co/facebook/wav2vec2-base/resolve/main/model.safetensors "HTTP/1.1 404 Not Found"
2026-03-11 12:10:08,917 | INFO | HTTP Request: HEAD https://huggingface.co/facebook/wav2vec2-base/resolve/main/model.safetensors.index.json "HTTP/1.1 404 Not Found"
2026-03-11 12:10:09,202 | INFO | HTTP Request: HEAD https://huggingface.co/facebook/wav2vec2-base/resolve/main/pytorch_model.bin "HTTP/1.1 302 Found"
2026-03-11 12:10:09,472 | INFO | HTTP Request: HEAD https://huggingface.co/facebook/wav2vec2-base/resolve/main/model.safetensors "HTTP/1.1 404 Not Found"
2026-03-11 12:10:09,745 | INFO | HTTP Request: GET https://huggingface.co/api/models/facebook/wav2vec2-base "HTTP/1.1 200 OK"
2026-03-11 12:10:10,029 | INFO | HTTP Request: GET https://huggingface.co/api/models/facebook/wav2vec2-base/commits/main "HTTP/1.1 200 OK"
2026-03-11 12:10:10,326 | INFO | HTTP Request: GET https://huggingface.co/api/models/facebook/wav2vec2-base/discussions?p=0 "HTTP/1.1 200 OK"
2026-03-11 12:10:10,628 | INFO | HTTP Request: GET https://huggingface.co/api/models/facebook/wav2vec2-base/commits/refs%2Fpr%2F11 "HTTP/1.1 200 OK"
2026-03-11 12:10:10,849 | INFO | Trainable: 9,530,625 / 94,585,089 params
2026-03-11 12:10:10,909 | INFO | HTTP Request: HEAD https://huggingface.co/facebook/wav2vec2-base/resolve/refs%2Fpr%2F11/model.safetensors.index.json "HTTP/1.1 404 Not Found"
2026-03-11 12:10:11,227 | INFO | HTTP Request: HEAD https://huggingface.co/facebook/wav2vec2-base/resolve/refs%2Fpr%2F11/model.safetensors "HTTP/1.1 302 Found"
2026-03-11 12:18:42,699 | INFO |   Epoch 1/3 | Loss: 0.2184 | Acc: 0.9591 | Dev AUC: 0.9968 | Dev EER: 2.43%
2026-03-11 12:26:49,747 | INFO |   Epoch 2/3 | Loss: 0.0288 | Acc: 0.9941 | Dev AUC: 0.9990 | Dev EER: 0.91%
2026-03-11 12:34:34,709 | INFO |   Epoch 3/3 | Loss: 0.0153 | Acc: 0.9974 | Dev AUC: 0.9997 | Dev EER: 0.77%
2026-03-11 12:40:10,600 | INFO | 
  ✅ linear_probe FINAL | Test AUC: 0.9828 | Test EER: 5.60%
2026-03-11 12:40:10,600 | INFO | 
=======================================================
2026-03-11 12:40:10,600 | INFO | CONFIG: freeze_bottom9 | Bottom 9 frozen (best config)
2026-03-11 12:40:10,600 | INFO | =======================================================
2026-03-11 12:40:11,017 | INFO | HTTP Request: HEAD https://huggingface.co/facebook/wav2vec2-base/resolve/main/config.json "HTTP/1.1 307 Temporary Redirect"
2026-03-11 12:40:11,078 | INFO | HTTP Request: HEAD https://huggingface.co/api/resolve-cache/models/facebook/wav2vec2-base/0b5b8e868dd84f03fd87d01f9c4ff0f080fecfe8/config.json "HTTP/1.1 200 OK"
2026-03-11 12:40:11,356 | INFO | HTTP Request: HEAD https://huggingface.co/facebook/wav2vec2-base/resolve/main/model.safetensors "HTTP/1.1 404 Not Found"
2026-03-11 12:40:11,628 | INFO | HTTP Request: HEAD https://huggingface.co/facebook/wav2vec2-base/resolve/main/model.safetensors.index.json "HTTP/1.1 404 Not Found"
2026-03-11 12:40:11,913 | INFO | HTTP Request: HEAD https://huggingface.co/facebook/wav2vec2-base/resolve/main/pytorch_model.bin "HTTP/1.1 302 Found"
2026-03-11 12:40:12,192 | INFO | HTTP Request: HEAD https://huggingface.co/facebook/wav2vec2-base/resolve/main/model.safetensors "HTTP/1.1 404 Not Found"
2026-03-11 12:40:12,492 | INFO | HTTP Request: GET https://huggingface.co/api/models/facebook/wav2vec2-base "HTTP/1.1 200 OK"
2026-03-11 12:40:12,780 | INFO | HTTP Request: GET https://huggingface.co/api/models/facebook/wav2vec2-base/commits/main "HTTP/1.1 200 OK"
2026-03-11 12:40:12,935 | INFO | Trainable: 30,794,241 / 94,585,089 params
2026-03-11 12:40:13,183 | INFO | HTTP Request: GET https://huggingface.co/api/models/facebook/wav2vec2-base/discussions?p=0 "HTTP/1.1 200 OK"
2026-03-11 12:40:13,477 | INFO | HTTP Request: GET https://huggingface.co/api/models/facebook/wav2vec2-base/commits/refs%2Fpr%2F11 "HTTP/1.1 200 OK"
2026-03-11 12:40:13,766 | INFO | HTTP Request: HEAD https://huggingface.co/facebook/wav2vec2-base/resolve/refs%2Fpr%2F11/model.safetensors.index.json "HTTP/1.1 404 Not Found"
2026-03-11 12:40:14,049 | INFO | HTTP Request: HEAD https://huggingface.co/facebook/wav2vec2-base/resolve/refs%2Fpr%2F11/model.safetensors "HTTP/1.1 302 Found"
2026-03-11 12:48:40,593 | INFO |   Epoch 1/3 | Loss: 0.1555 | Acc: 0.9610 | Dev AUC: 0.9996 | Dev EER: 0.44%
2026-03-11 12:56:53,921 | INFO |   Epoch 2/3 | Loss: 0.0240 | Acc: 0.9961 | Dev AUC: 0.9990 | Dev EER: 0.59%
2026-03-11 13:05:23,876 | INFO |   Epoch 3/3 | Loss: 0.0183 | Acc: 0.9974 | Dev AUC: 0.9996 | Dev EER: 0.69%
2026-03-11 13:10:45,661 | INFO | 
  ✅ freeze_bottom9 FINAL | Test AUC: 0.9658 | Test EER: 6.36%
2026-03-11 13:10:45,661 | INFO | 
=======================================================
2026-03-11 13:10:45,662 | INFO | CONFIG: full_finetune | No layers frozen
2026-03-11 13:10:45,662 | INFO | =======================================================
2026-03-11 13:10:46,064 | INFO | HTTP Request: HEAD https://huggingface.co/facebook/wav2vec2-base/resolve/main/config.json "HTTP/1.1 307 Temporary Redirect"
2026-03-11 13:10:46,128 | INFO | HTTP Request: HEAD https://huggingface.co/api/resolve-cache/models/facebook/wav2vec2-base/0b5b8e868dd84f03fd87d01f9c4ff0f080fecfe8/config.json "HTTP/1.1 200 OK"
2026-03-11 13:10:46,406 | INFO | HTTP Request: HEAD https://huggingface.co/facebook/wav2vec2-base/resolve/main/model.safetensors "HTTP/1.1 404 Not Found"
2026-03-11 13:10:46,675 | INFO | HTTP Request: HEAD https://huggingface.co/facebook/wav2vec2-base/resolve/main/model.safetensors.index.json "HTTP/1.1 404 Not Found"
2026-03-11 13:10:46,955 | INFO | HTTP Request: HEAD https://huggingface.co/facebook/wav2vec2-base/resolve/main/pytorch_model.bin "HTTP/1.1 302 Found"
2026-03-11 13:10:47,236 | INFO | HTTP Request: HEAD https://huggingface.co/facebook/wav2vec2-base/resolve/main/model.safetensors "HTTP/1.1 404 Not Found"
2026-03-11 13:10:47,504 | INFO | HTTP Request: GET https://huggingface.co/api/models/facebook/wav2vec2-base "HTTP/1.1 200 OK"
2026-03-11 13:10:47,784 | INFO | HTTP Request: GET https://huggingface.co/api/models/facebook/wav2vec2-base/commits/main "HTTP/1.1 200 OK"
2026-03-11 13:10:47,991 | INFO | Trainable: 94,585,089 / 94,585,089 params
2026-03-11 13:10:48,140 | INFO | HTTP Request: GET https://huggingface.co/api/models/facebook/wav2vec2-base/discussions?p=0 "HTTP/1.1 200 OK"
2026-03-11 13:10:48,471 | INFO | HTTP Request: GET https://huggingface.co/api/models/facebook/wav2vec2-base/commits/refs%2Fpr%2F11 "HTTP/1.1 200 OK"
2026-03-11 13:10:48,746 | INFO | HTTP Request: HEAD https://huggingface.co/facebook/wav2vec2-base/resolve/refs%2Fpr%2F11/model.safetensors.index.json "HTTP/1.1 404 Not Found"
2026-03-11 13:10:49,036 | INFO | HTTP Request: HEAD https://huggingface.co/facebook/wav2vec2-base/resolve/refs%2Fpr%2F11/model.safetensors "HTTP/1.1 302 Found"
2026-03-11 13:19:55,312 | INFO |   Epoch 1/3 | Loss: 0.7450 | Acc: 0.9040 | Dev AUC: 0.5000 | Dev EER: 0.00%
2026-03-11 13:29:02,238 | INFO |   Epoch 2/3 | Loss: 0.8109 | Acc: 0.8983 | Dev AUC: 0.5000 | Dev EER: 0.00%
2026-03-11 13:37:38,845 | INFO |   Epoch 3/3 | Loss: 0.8120 | Acc: 0.8983 | Dev AUC: 0.5000 | Dev EER: 0.00%
